<?xml version="1.0" encoding="UTF-8"?>
<!-- Generated by org.testng.reporters.JUnitReportReporter -->
<testsuite skipped="0" hostname="VIMAL" name="com.nopcommerce.demo.AppTest" tests="1" failures="0" timestamp="11 Dec 2021 20:37:48 GMT" time="0.002" errors="0">
  <testcase name="shouldAnswerWithTrue" time="0.002" classname="com.nopcommerce.demo.AppTest"/>
</testsuite> <!-- com.nopcommerce.demo.AppTest -->
